<?xml version="1.0" encoding="UTF-8"?>
<!-- Generated by org.testng.reporters.JUnitXMLReporter -->
<testsuite hostname="LVNHCMAC0000276" ignored="0" name="Authentication" tests="2" failures="0" timestamp="2022-01-23T17:53:39 ICT" time="9.581" errors="0">
  <testcase name="loginWithValidCreds" time="7.994" classname="test.authentication.LoginTestWithBaseTest"/>
  <testcase name="testMethod02" time="1.202" classname="test.authentication.LoginTestWithBaseTest"/>
</testsuite> <!-- Authentication -->
