<?xml version="1.0" encoding="UTF-8"?>
<!-- Generated by org.testng.reporters.JUnitXMLReporter -->
<testsuite hostname="LVNHCMAC0000276" ignored="0" name="Authentication" tests="4" failures="0" timestamp="2022-01-20T00:29:26 ICT" time="0.035" errors="0">
  <testcase name="testA" time="0.001" classname="test.testng.TestNGHooks"/>
  <testcase name="testB" time="0.0" classname="test.testng.TestNGHooks"/>
  <testcase name="testA" time="0.0" classname="test.testng.TestNGHooksEx"/>
  <testcase name="testB" time="0.0" classname="test.testng.TestNGHooksEx"/>
</testsuite> <!-- Authentication -->
